Running: C:\Xilinx\14.7\ISE_DS\ISE\bin\nt64\unwrapped\fuse.exe -intstyle ise -incremental -o J:/Documents/ECEn320/lab11c3/framebuffer_isim_beh.exe -prj J:/Documents/ECEn320/lab11c3/framebuffer_beh.prj work.framebuffer 
ISim P.20131013 (signature 0x7708f090)
Number of CPUs detected in this system: 4
Turning on mult-threading, number of parallel sub-compilation jobs: 8 
Determining compilation order of HDL files
Parsing VHDL file "J:/Documents/ECEn320/lab11c3/vga_timing.vhd" into library work
Parsing VHDL file "J:/Documents/ECEn320/lab11c3/sramController.vhd" into library work
Parsing VHDL file "J:/Documents/ECEn320/lab11c3/framebuffer.vhd" into library work
Starting static elaboration
Completed static elaboration
Compiling package standard
Compiling package std_logic_1164
Compiling package numeric_std
Compiling architecture behavioral of entity vga_timing [vga_timing_default]
Compiling architecture behavioral of entity sramController [\sramController(50000000)\]
Compiling architecture behavioral of entity framebuffer
Time Resolution for simulation is 1ps.
Waiting for 1 sub-compilation(s) to finish...
Compiled 8 VHDL Units
Built simulation executable J:/Documents/ECEn320/lab11c3/framebuffer_isim_beh.exe
Fuse Memory Usage: 35888 KB
Fuse CPU Usage: 654 ms
